# JRE version: Java(TM) SE Runtime Environment (8.0_20-b26) (build 1.8.0_20-b26)
# Java VM: Java HotSpot(TM) 64-Bit Server VM (25.20-b23 mixed mode windows-amd64 compressed oops)
Heap:
 PSYoungGen      total 18944K, used 2535K [0x00000000ead80000, 0x00000000ed280000, 0x0000000100000000)
  eden space 16384K, 0% used [0x00000000ead80000,0x00000000ead80000,0x00000000ebd80000)
  from space 2560K, 99% used [0x00000000ebd80000,0x00000000ebff9cc8,0x00000000ec000000)
  to   space 2560K, 0% used [0x00000000ed000000,0x00000000ed000000,0x00000000ed280000)
 ParOldGen       total 44032K, used 7872K [0x00000000c0800000, 0x00000000c3300000, 0x00000000ead80000)
  object space 44032K, 17% used [0x00000000c0800000,0x00000000c0fb0000,0x00000000c3300000)
 Metaspace       used 18850K, capacity 19006K, committed 19200K, reserved 1071104K
  class space    used 2149K, capacity 2185K, committed 2304K, reserved 1048576K
GC Heap History (7 events):
Event: 1.396 GC heap before
{Heap before GC invocations=1 (full 0):
 PSYoungGen      total 18944K, used 16384K [0x00000000ead80000, 0x00000000ec280000, 0x0000000100000000)
  eden space 16384K, 100% used [0x00000000ead80000,0x00000000ebd80000,0x00000000ebd80000)
  from space 2560K, 0% used [0x00000000ec000000,0x00000000ec000000,0x00000000ec280000)
  to   space 2560K, 0% used [0x00000000ebd80000,0x00000000ebd80000,0x00000000ec000000)
 ParOldGen       total 44032K, used 0K [0x00000000c0800000, 0x00000000c3300000, 0x00000000ead80000)
  object space 44032K, 0% used [0x00000000c0800000,0x00000000c0800000,0x00000000c3300000)
 Metaspace       used 12764K, capacity 12934K, committed 13056K, reserved 1060864K
  class space    used 1465K, capacity 1509K, committed 1536K, reserved 1048576K
Event: 1.409 GC heap after
Heap after GC invocations=1 (full 0):
 PSYoungGen      total 18944K, used 2544K [0x00000000ead80000, 0x00000000ec280000, 0x0000000100000000)
  eden space 16384K, 0% used [0x00000000ead80000,0x00000000ead80000,0x00000000ebd80000)
  from space 2560K, 99% used [0x00000000ebd80000,0x00000000ebffc120,0x00000000ec000000)
  to   space 2560K, 0% used [0x00000000ec000000,0x00000000ec000000,0x00000000ec280000)
 ParOldGen       total 44032K, used 2310K [0x00000000c0800000, 0x00000000c3300000, 0x00000000ead80000)
  object space 44032K, 5% used [0x00000000c0800000,0x00000000c0a41a20,0x00000000c3300000)
 Metaspace       used 12764K, capacity 12934K, committed 13056K, reserved 1060864K
  class space    used 1465K, capacity 1509K, committed 1536K, reserved 1048576K
}
Event: 2.299 GC heap before
{Heap before GC invocations=2 (full 0):
 PSYoungGen      total 18944K, used 18928K [0x00000000ead80000, 0x00000000ec280000, 0x0000000100000000)
  eden space 16384K, 100% used [0x00000000ead80000,0x00000000ebd80000,0x00000000ebd80000)
  from space 2560K, 99% used [0x00000000ebd80000,0x00000000ebffc120,0x00000000ec000000)
  to   space 2560K, 0% used [0x00000000ec000000,0x00000000ec000000,0x00000000ec280000)
 ParOldGen       total 44032K, used 2310K [0x00000000c0800000, 0x00000000c3300000, 0x00000000ead80000)
  object space 44032K, 5% used [0x00000000c0800000,0x00000000c0a41a20,0x00000000c3300000)
 Metaspace       used 15821K, capacity 15980K, committed 16128K, reserved 1062912K
  class space    used 1690K, capacity 1734K, committed 1792K, reserved 1048576K
Event: 2.317 GC heap after
Heap after GC invocations=2 (full 0):
 PSYoungGen      total 18944K, used 2535K [0x00000000ead80000, 0x00000000ed280000, 0x0000000100000000)
  eden space 16384K, 0% used [0x00000000ead80000,0x00000000ead80000,0x00000000ebd80000)
  from space 2560K, 99% used [0x00000000ec000000,0x00000000ec279d18,0x00000000ec280000)
  to   space 2560K, 0% used [0x00000000ebd80000,0x00000000ebd80000,0x00000000ec000000)
 ParOldGen       total 44032K, used 5945K [0x00000000c0800000, 0x00000000c3300000, 0x00000000ead80000)
  object space 44032K, 13% used [0x00000000c0800000,0x00000000c0dce550,0x00000000c3300000)
 Metaspace       used 15821K, capacity 15980K, committed 16128K, reserved 1062912K
  class space    used 1690K, capacity 1734K, committed 1792K, reserved 1048576K
}
Event: 3.048 GC heap before
{Heap before GC invocations=3 (full 0):
 PSYoungGen      total 18944K, used 9590K [0x00000000ead80000, 0x00000000ed280000, 0x0000000100000000)
  eden space 16384K, 43% used [0x00000000ead80000,0x00000000eb463b18,0x00000000ebd80000)
  from space 2560K, 99% used [0x00000000ec000000,0x00000000ec279d18,0x00000000ec280000)
  to   space 2560K, 0% used [0x00000000ebd80000,0x00000000ebd80000,0x00000000ec000000)
 ParOldGen       total 44032K, used 5945K [0x00000000c0800000, 0x00000000c3300000, 0x00000000ead80000)
  object space 44032K, 13% used [0x00000000c0800000,0x00000000c0dce550,0x00000000c3300000)
 Metaspace       used 18850K, capacity 19006K, committed 19200K, reserved 1071104K
  class space    used 2149K, capacity 2185K, committed 2304K, reserved 1048576K
Event: 3.060 GC heap after
Heap after GC invocations=3 (full 0):
 PSYoungGen      total 18944K, used 2535K [0x00000000ead80000, 0x00000000ed280000, 0x0000000100000000)
  eden space 16384K, 0% used [0x00000000ead80000,0x00000000ead80000,0x00000000ebd80000)
  from space 2560K, 99% used [0x00000000ebd80000,0x00000000ebff9cc8,0x00000000ec000000)
  to   space 2560K, 0% used [0x00000000ed000000,0x00000000ed000000,0x00000000ed280000)
 ParOldGen       total 44032K, used 7872K [0x00000000c0800000, 0x00000000c3300000, 0x00000000ead80000)
  object space 44032K, 17% used [0x00000000c0800000,0x00000000c0fb0000,0x00000000c3300000)
 Metaspace       used 18850K, capacity 19006K, committed 19200K, reserved 1071104K
  class space    used 2149K, capacity 2185K, committed 2304K, reserved 1048576K
}
Event: 3.060 GC heap before
{Heap before GC invocations=4 (full 1):
 PSYoungGen      total 18944K, used 2535K [0x00000000ead80000, 0x00000000ed280000, 0x0000000100000000)
  eden space 16384K, 0% used [0x00000000ead80000,0x00000000ead80000,0x00000000ebd80000)
  from space 2560K, 99% used [0x00000000ebd80000,0x00000000ebff9cc8,0x00000000ec000000)
  to   space 2560K, 0% used [0x00000000ed000000,0x00000000ed000000,0x00000000ed280000)
 ParOldGen       total 44032K, used 7872K [0x00000000c0800000, 0x00000000c3300000, 0x00000000ead80000)
  object space 44032K, 17% used [0x00000000c0800000,0x00000000c0fb0000,0x00000000c3300000)
 Metaspace       used 18850K, capacity 19006K, committed 19200K, reserved 1071104K
  class space    used 2149K, capacity 2185K, committed 2304K, reserved 1048576K

